# JRE version: OpenJDK Runtime Environment (8.0_202-b03) (build 1.8.0_202-release-1483-b03)
# Java VM: OpenJDK 64-Bit Server VM (25.202-b03 mixed mode windows-amd64 compressed oops)
Heap:
 PSYoungGen      total 396800K, used 247341K [0x00000000e0000000, 0x0000000100000000, 0x0000000100000000)
  eden space 281600K, 59% used [0x00000000e0000000,0x00000000ea26eb80,0x00000000f1300000)
  from space 115200K, 70% used [0x00000000f1300000,0x00000000f621c9d0,0x00000000f8380000)
  to   space 122368K, 0% used [0x00000000f8880000,0x00000000f8880000,0x0000000100000000)
 ParOldGen       total 343040K, used 207243K [0x00000000a0000000, 0x00000000b4f00000, 0x00000000e0000000)
  object space 343040K, 60% used [0x00000000a0000000,0x00000000aca62c58,0x00000000b4f00000)
 Metaspace       used 143063K, capacity 150176K, committed 150592K, reserved 1179648K
  class space    used 18300K, capacity 19697K, committed 19816K, reserved 1048576K
GC Heap History (10 events):
Event: 1700.877 GC heap before
{Heap before GC invocations=31 (full 5):
 PSYoungGen      total 403456K, used 403107K [0x00000000e0000000, 0x0000000100000000, 0x0000000100000000)
  eden space 346112K, 100% used [0x00000000e0000000,0x00000000f5200000,0x00000000f5200000)
  from space 57344K, 99% used [0x00000000f5200000,0x00000000f89a8e38,0x00000000f8a00000)
  to   space 92160K, 0% used [0x00000000fa600000,0x00000000fa600000,0x0000000100000000)
 ParOldGen       total 227840K, used 157037K [0x00000000a0000000, 0x00000000ade80000, 0x00000000e0000000)
  object space 227840K, 68% used [0x00000000a0000000,0x00000000a995b758,0x00000000ade80000)
 Metaspace       used 142441K, capacity 149604K, committed 149824K, reserved 1179648K
  class space    used 18318K, capacity 19733K, committed 19816K, reserved 1048576K
Event: 1701.130 GC heap after
Heap after GC invocations=31 (full 5):
 PSYoungGen      total 370688K, used 92158K [0x00000000e0000000, 0x0000000100000000, 0x0000000100000000)
  eden space 278528K, 0% used [0x00000000e0000000,0x00000000e0000000,0x00000000f1000000)
  from space 92160K, 99% used [0x00000000fa600000,0x00000000fffff898,0x0000000100000000)
  to   space 122880K, 0% used [0x00000000f1000000,0x00000000f1000000,0x00000000f8800000)
 ParOldGen       total 227840K, used 199148K [0x00000000a0000000, 0x00000000ade80000, 0x00000000e0000000)
  object space 227840K, 87% used [0x00000000a0000000,0x00000000ac27b140,0x00000000ade80000)
 Metaspace       used 142441K, capacity 149604K, committed 149824K, reserved 1179648K
  class space    used 18318K, capacity 19733K, committed 19816K, reserved 1048576K
}
Event: 1701.130 GC heap before
{Heap before GC invocations=32 (full 6):
 PSYoungGen      total 370688K, used 92158K [0x00000000e0000000, 0x0000000100000000, 0x0000000100000000)
  eden space 278528K, 0% used [0x00000000e0000000,0x00000000e0000000,0x00000000f1000000)
  from space 92160K, 99% used [0x00000000fa600000,0x00000000fffff898,0x0000000100000000)
  to   space 122880K, 0% used [0x00000000f1000000,0x00000000f1000000,0x00000000f8800000)
 ParOldGen       total 227840K, used 199148K [0x00000000a0000000, 0x00000000ade80000, 0x00000000e0000000)
  object space 227840K, 87% used [0x00000000a0000000,0x00000000ac27b140,0x00000000ade80000)
 Metaspace       used 142441K, capacity 149604K, committed 149824K, reserved 1179648K
  class space    used 18318K, capacity 19733K, committed 19816K, reserved 1048576K
Event: 1702.285 GC heap after
Heap after GC invocations=32 (full 6):
 PSYoungGen      total 370688K, used 0K [0x00000000e0000000, 0x0000000100000000, 0x0000000100000000)
  eden space 278528K, 0% used [0x00000000e0000000,0x00000000e0000000,0x00000000f1000000)
  from space 92160K, 0% used [0x00000000fa600000,0x00000000fa600000,0x0000000100000000)
  to   space 122880K, 0% used [0x00000000f1000000,0x00000000f1000000,0x00000000f8800000)
 ParOldGen       total 343040K, used 172745K [0x00000000a0000000, 0x00000000b4f00000, 0x00000000e0000000)
  object space 343040K, 50% used [0x00000000a0000000,0x00000000aa8b2458,0x00000000b4f00000)
 Metaspace       used 141574K, capacity 148492K, committed 149824K, reserved 1179648K
  class space    used 18203K, capacity 19559K, committed 19816K, reserved 1048576K
}
Event: 1881.714 GC heap before
{Heap before GC invocations=33 (full 6):
 PSYoungGen      total 370688K, used 278528K [0x00000000e0000000, 0x0000000100000000, 0x0000000100000000)
  eden space 278528K, 100% used [0x00000000e0000000,0x00000000f1000000,0x00000000f1000000)
  from space 92160K, 0% used [0x00000000fa600000,0x00000000fa600000,0x0000000100000000)
  to   space 122880K, 0% used [0x00000000f1000000,0x00000000f1000000,0x00000000f8800000)
 ParOldGen       total 343040K, used 172745K [0x00000000a0000000, 0x00000000b4f00000, 0x00000000e0000000)
  object space 343040K, 50% used [0x00000000a0000000,0x00000000aa8b2458,0x00000000b4f00000)
 Metaspace       used 141871K, capacity 148894K, committed 149824K, reserved 1179648K
  class space    used 18212K, capacity 19570K, committed 19816K, reserved 1048576K
Event: 1881.772 GC heap after
Heap after GC invocations=33 (full 6):
 PSYoungGen      total 401408K, used 18650K [0x00000000e0000000, 0x0000000100000000, 0x0000000100000000)
  eden space 278528K, 0% used [0x00000000e0000000,0x00000000e0000000,0x00000000f1000000)
  from space 122880K, 15% used [0x00000000f1000000,0x00000000f2236a80,0x00000000f8800000)
  to   space 119808K, 0% used [0x00000000f8b00000,0x00000000f8b00000,0x0000000100000000)
 ParOldGen       total 343040K, used 172753K [0x00000000a0000000, 0x00000000b4f00000, 0x00000000e0000000)
  object space 343040K, 50% used [0x00000000a0000000,0x00000000aa8b4458,0x00000000b4f00000)
 Metaspace       used 141871K, capacity 148894K, committed 149824K, reserved 1179648K
  class space    used 18212K, capacity 19570K, committed 19816K, reserved 1048576K
}
Event: 1887.578 GC heap before
{Heap before GC invocations=34 (full 6):
 PSYoungGen      total 401408K, used 297178K [0x00000000e0000000, 0x0000000100000000, 0x0000000100000000)
  eden space 278528K, 100% used [0x00000000e0000000,0x00000000f1000000,0x00000000f1000000)
  from space 122880K, 15% used [0x00000000f1000000,0x00000000f2236a80,0x00000000f8800000)
  to   space 119808K, 0% used [0x00000000f8b00000,0x00000000f8b00000,0x0000000100000000)
 ParOldGen       total 343040K, used 172753K [0x00000000a0000000, 0x00000000b4f00000, 0x00000000e0000000)
  object space 343040K, 50% used [0x00000000a0000000,0x00000000aa8b4458,0x00000000b4f00000)
 Metaspace       used 142157K, capacity 149242K, committed 149824K, reserved 1179648K
  class space    used 18232K, capacity 19620K, committed 19816K, reserved 1048576K
Event: 1887.652 GC heap after
Heap after GC invocations=34 (full 6):
 PSYoungGen      total 389120K, used 25886K [0x00000000e0000000, 0x00000000ff400000, 0x0000000100000000)
  eden space 281600K, 0% used [0x00000000e0000000,0x00000000e0000000,0x00000000f1300000)
  from space 107520K, 24% used [0x00000000f8b00000,0x00000000fa447930,0x00000000ff400000)
  to   space 115200K, 0% used [0x00000000f1300000,0x00000000f1300000,0x00000000f8380000)
 ParOldGen       total 343040K, used 190225K [0x00000000a0000000, 0x00000000b4f00000, 0x00000000e0000000)
  object space 343040K, 55% used [0x00000000a0000000,0x00000000ab9c4728,0x00000000b4f00000)
 Metaspace       used 142157K, capacity 149242K, committed 149824K, reserved 1179648K
  class space    used 18232K, capacity 19620K, committed 19816K, reserved 1048576K
}
Event: 1891.477 GC heap before
{Heap before GC invocations=35 (full 6):
 PSYoungGen      total 389120K, used 307486K [0x00000000e0000000, 0x00000000ff400000, 0x0000000100000000)
  eden space 281600K, 100% used [0x00000000e0000000,0x00000000f1300000,0x00000000f1300000)
  from space 107520K, 24% used [0x00000000f8b00000,0x00000000fa447930,0x00000000ff400000)
  to   space 115200K, 0% used [0x00000000f1300000,0x00000000f1300000,0x00000000f8380000)
 ParOldGen       total 343040K, used 190225K [0x00000000a0000000, 0x00000000b4f00000, 0x00000000e0000000)
  object space 343040K, 55% used [0x00000000a0000000,0x00000000ab9c4728,0x00000000b4f00000)
 Metaspace       used 142850K, capacity 149952K, committed 150336K, reserved 1179648K
  class space    used 18294K, capacity 19685K, committed 19816K, reserved 1048576K
Event: 1891.626 GC heap after
Heap after GC invocations=35 (full 6):
 PSYoungGen      total 396800K, used 81010K [0x00000000e0000000, 0x0000000100000000, 0x0000000100000000)
  eden space 281600K, 0% used [0x00000000e0000000,0x00000000e0000000,0x00000000f1300000)
  from space 115200K, 70% used [0x00000000f1300000,0x00000000f621c9d0,0x00000000f8380000)
  to   space 122368K, 0% used [0x00000000f8880000,0x00000000f8880000,0x0000000100000000)
 ParOldGen       total 343040K, used 207243K [0x00000000a0000000, 0x00000000b4f00000, 0x00000000e0000000)
  object space 343040K, 60% used [0x00000000a0000000,0x00000000aca62c58,0x00000000b4f00000)
 Metaspace       used 142850K, capacity 149952K, committed 150336K, reserved 1179648K
  class space    used 18294K, capacity 19685K, committed 19816K, reserved 1048576K
}

