# JRE version: OpenJDK Runtime Environment (8.0_202-b03) (build 1.8.0_202-release-1483-b03)
# Java VM: OpenJDK 64-Bit Server VM (25.202-b03 mixed mode windows-amd64 compressed oops)
Heap:
 PSYoungGen      total 409600K, used 213394K [0x00000000e0000000, 0x0000000100000000, 0x0000000100000000)
  eden space 362496K, 45% used [0x00000000e0000000,0x00000000ea28d4b8,0x00000000f6200000)
  from space 47104K, 99% used [0x00000000f6200000,0x00000000f8fd7370,0x00000000f9000000)
  to   space 81920K, 0% used [0x00000000fb000000,0x00000000fb000000,0x0000000100000000)
 ParOldGen       total 359424K, used 265147K [0x00000000a0000000, 0x00000000b5f00000, 0x00000000e0000000)
  object space 359424K, 73% used [0x00000000a0000000,0x00000000b02eefa0,0x00000000b5f00000)
 Metaspace       used 118322K, capacity 125952K, committed 144984K, reserved 1175552K
  class space    used 14241K, capacity 15879K, committed 18816K, reserved 1048576K
GC Heap History (10 events):
Event: 11868.776 GC heap before
{Heap before GC invocations=149 (full 8):
 PSYoungGen      total 441344K, used 372959K [0x00000000e0000000, 0x00000000ffb80000, 0x0000000100000000)
  eden space 364032K, 100% used [0x00000000e0000000,0x00000000f6380000,0x00000000f6380000)
  from space 77312K, 11% used [0x00000000fb000000,0x00000000fb8b7c90,0x00000000ffb80000)
  to   space 77824K, 0% used [0x00000000f6380000,0x00000000f6380000,0x00000000faf80000)
 ParOldGen       total 359424K, used 264886K [0x00000000a0000000, 0x00000000b5f00000, 0x00000000e0000000)
  object space 359424K, 73% used [0x00000000a0000000,0x00000000b02adb98,0x00000000b5f00000)
 Metaspace       used 115433K, capacity 122872K, committed 144984K, reserved 1175552K
  class space    used 13945K, capacity 15459K, committed 18816K, reserved 1048576K
Event: 11868.817 GC heap after
Heap after GC invocations=149 (full 8):
 PSYoungGen      total 441856K, used 12945K [0x00000000e0000000, 0x00000000ffc80000, 0x0000000100000000)
  eden space 364032K, 0% used [0x00000000e0000000,0x00000000e0000000,0x00000000f6380000)
  from space 77824K, 16% used [0x00000000f6380000,0x00000000f7024538,0x00000000faf80000)
  to   space 75776K, 0% used [0x00000000fb280000,0x00000000fb280000,0x00000000ffc80000)
 ParOldGen       total 359424K, used 264886K [0x00000000a0000000, 0x00000000b5f00000, 0x00000000e0000000)
  object space 359424K, 73% used [0x00000000a0000000,0x00000000b02adb98,0x00000000b5f00000)
 Metaspace       used 115433K, capacity 122872K, committed 144984K, reserved 1175552K
  class space    used 13945K, capacity 15459K, committed 18816K, reserved 1048576K
}
Event: 11875.594 GC heap before
{Heap before GC invocations=150 (full 8):
 PSYoungGen      total 441856K, used 376977K [0x00000000e0000000, 0x00000000ffc80000, 0x0000000100000000)
  eden space 364032K, 100% used [0x00000000e0000000,0x00000000f6380000,0x00000000f6380000)
  from space 77824K, 16% used [0x00000000f6380000,0x00000000f7024538,0x00000000faf80000)
  to   space 75776K, 0% used [0x00000000fb280000,0x00000000fb280000,0x00000000ffc80000)
 ParOldGen       total 359424K, used 264886K [0x00000000a0000000, 0x00000000b5f00000, 0x00000000e0000000)
  object space 359424K, 73% used [0x00000000a0000000,0x00000000b02adb98,0x00000000b5f00000)
 Metaspace       used 116151K, capacity 123620K, committed 144984K, reserved 1175552K
  class space    used 14018K, capacity 15563K, committed 18816K, reserved 1048576K
Event: 11875.644 GC heap after
Heap after GC invocations=150 (full 8):
 PSYoungGen      total 439808K, used 20973K [0x00000000e0000000, 0x00000000ff600000, 0x0000000100000000)
  eden space 370688K, 0% used [0x00000000e0000000,0x00000000e0000000,0x00000000f6a00000)
  from space 69120K, 30% used [0x00000000fb280000,0x00000000fc6fb5d8,0x00000000ff600000)
  to   space 71680K, 0% used [0x00000000f6a00000,0x00000000f6a00000,0x00000000fb000000)
 ParOldGen       total 359424K, used 264894K [0x00000000a0000000, 0x00000000b5f00000, 0x00000000e0000000)
  object space 359424K, 73% used [0x00000000a0000000,0x00000000b02afb98,0x00000000b5f00000)
 Metaspace       used 116151K, capacity 123620K, committed 144984K, reserved 1175552K
  class space    used 14018K, capacity 15563K, committed 18816K, reserved 1048576K
}
Event: 11941.707 GC heap before
{Heap before GC invocations=151 (full 8):
 PSYoungGen      total 439808K, used 391661K [0x00000000e0000000, 0x00000000ff600000, 0x0000000100000000)
  eden space 370688K, 100% used [0x00000000e0000000,0x00000000f6a00000,0x00000000f6a00000)
  from space 69120K, 30% used [0x00000000fb280000,0x00000000fc6fb5d8,0x00000000ff600000)
  to   space 71680K, 0% used [0x00000000f6a00000,0x00000000f6a00000,0x00000000fb000000)
 ParOldGen       total 359424K, used 264894K [0x00000000a0000000, 0x00000000b5f00000, 0x00000000e0000000)
  object space 359424K, 73% used [0x00000000a0000000,0x00000000b02afb98,0x00000000b5f00000)
 Metaspace       used 116881K, capacity 124392K, committed 144984K, reserved 1175552K
  class space    used 14094K, capacity 15671K, committed 18816K, reserved 1048576K
Event: 11941.748 GC heap after
Heap after GC invocations=151 (full 8):
 PSYoungGen      total 442368K, used 14289K [0x00000000e0000000, 0x00000000ffb00000, 0x0000000100000000)
  eden space 370688K, 0% used [0x00000000e0000000,0x00000000e0000000,0x00000000f6a00000)
  from space 71680K, 19% used [0x00000000f6a00000,0x00000000f77f4538,0x00000000fb000000)
  to   space 69120K, 0% used [0x00000000fb780000,0x00000000fb780000,0x00000000ffb00000)
 ParOldGen       total 359424K, used 264902K [0x00000000a0000000, 0x00000000b5f00000, 0x00000000e0000000)
  object space 359424K, 73% used [0x00000000a0000000,0x00000000b02b1b98,0x00000000b5f00000)
 Metaspace       used 116881K, capacity 124392K, committed 144984K, reserved 1175552K
  class space    used 14094K, capacity 15671K, committed 18816K, reserved 1048576K
}
Event: 12114.169 GC heap before
{Heap before GC invocations=152 (full 8):
 PSYoungGen      total 442368K, used 384977K [0x00000000e0000000, 0x00000000ffb00000, 0x0000000100000000)
  eden space 370688K, 100% used [0x00000000e0000000,0x00000000f6a00000,0x00000000f6a00000)
  from space 71680K, 19% used [0x00000000f6a00000,0x00000000f77f4538,0x00000000fb000000)
  to   space 69120K, 0% used [0x00000000fb780000,0x00000000fb780000,0x00000000ffb00000)
 ParOldGen       total 359424K, used 264902K [0x00000000a0000000, 0x00000000b5f00000, 0x00000000e0000000)
  object space 359424K, 73% used [0x00000000a0000000,0x00000000b02b1b98,0x00000000b5f00000)
 Metaspace       used 117598K, capacity 125140K, committed 144984K, reserved 1175552K
  class space    used 14167K, capacity 15775K, committed 18816K, reserved 1048576K
Event: 12114.314 GC heap after
Heap after GC invocations=152 (full 8):
 PSYoungGen      total 431616K, used 68039K [0x00000000e0000000, 0x0000000100000000, 0x0000000100000000)
  eden space 362496K, 0% used [0x00000000e0000000,0x00000000e0000000,0x00000000f6200000)
  from space 69120K, 98% used [0x00000000fb780000,0x00000000ff9f1db8,0x00000000ffb00000)
  to   space 80896K, 0% used [0x00000000f6200000,0x00000000f6200000,0x00000000fb100000)
 ParOldGen       total 359424K, used 264910K [0x00000000a0000000, 0x00000000b5f00000, 0x00000000e0000000)
  object space 359424K, 73% used [0x00000000a0000000,0x00000000b02b3b98,0x00000000b5f00000)
 Metaspace       used 117598K, capacity 125140K, committed 144984K, reserved 1175552K
  class space    used 14167K, capacity 15775K, committed 18816K, reserved 1048576K
}
Event: 12334.049 GC heap before
{Heap before GC invocations=153 (full 8):
 PSYoungGen      total 431616K, used 430535K [0x00000000e0000000, 0x0000000100000000, 0x0000000100000000)
  eden space 362496K, 100% used [0x00000000e0000000,0x00000000f6200000,0x00000000f6200000)
  from space 69120K, 98% used [0x00000000fb780000,0x00000000ff9f1db8,0x00000000ffb00000)
  to   space 80896K, 0% used [0x00000000f6200000,0x00000000f6200000,0x00000000fb100000)
 ParOldGen       total 359424K, used 264910K [0x00000000a0000000, 0x00000000b5f00000, 0x00000000e0000000)
  object space 359424K, 73% used [0x00000000a0000000,0x00000000b02b3b98,0x00000000b5f00000)
 Metaspace       used 118321K, capacity 125952K, committed 144984K, reserved 1175552K
  class space    used 14241K, capacity 15879K, committed 18816K, reserved 1048576K
Event: 12334.125 GC heap after
Heap after GC invocations=153 (full 8):
 PSYoungGen      total 409600K, used 46940K [0x00000000e0000000, 0x0000000100000000, 0x0000000100000000)
  eden space 362496K, 0% used [0x00000000e0000000,0x00000000e0000000,0x00000000f6200000)
  from space 47104K, 99% used [0x00000000f6200000,0x00000000f8fd7370,0x00000000f9000000)
  to   space 81920K, 0% used [0x00000000fb000000,0x00000000fb000000,0x0000000100000000)
 ParOldGen       total 359424K, used 265147K [0x00000000a0000000, 0x00000000b5f00000, 0x00000000e0000000)
  object space 359424K, 73% used [0x00000000a0000000,0x00000000b02eefa0,0x00000000b5f00000)
 Metaspace       used 118321K, capacity 125952K, committed 144984K, reserved 1175552K
  class space    used 14241K, capacity 15879K, committed 18816K, reserved 1048576K
}

